\BOOKMARK [1][-]{section.1}{\376\377\200\314\146\157\116\313\176\315}{}% 1
\BOOKMARK [1][-]{section.2}{\376\377\164\006\213\272\143\250\133\374}{}% 2
\BOOKMARK [2][-]{subsection.2.1}{\376\377\137\256\153\143\122\031\174\373\176\374}{section.2}% 3
\BOOKMARK [2][-]{subsection.2.2}{\376\377\204\231\162\171\123\141\155\033\000\040\000\050\000M\000o\000n\000t\000e\000\040\000C\000a\000r\000l\000o\000\051\173\227\154\325}{section.2}% 4
\BOOKMARK [2][-]{subsection.2.3}{\376\377\150\205\162\171\154\342\122\051\145\257\000\040\000\050\000M\000e\000t\000r\000o\000p\000o\000l\000i\000s\000\051\173\227\154\325}{section.2}% 5
\BOOKMARK [1][-]{section.3}{\376\377\213\241\173\227\145\271\154\325}{}% 6
\BOOKMARK [2][-]{subsection.3.1}{\376\377\226\217\147\072\221\307\150\067}{section.3}% 7
\BOOKMARK [2][-]{subsection.3.2}{\376\377\232\154\134\024\171\321\131\053\224\376}{section.3}% 8
\BOOKMARK [1][-]{section.4}{\376\377\213\241\173\227\176\323\147\234}{}% 9
\BOOKMARK [2][-]{subsection.4.1}{\376\377\170\301\167\351\124\214\200\375\221\317}{section.4}% 10
\BOOKMARK [3][-]{subsubsection.4.1.1}{\376\377\170\301\167\351\000M}{subsection.4.1}% 11
\BOOKMARK [3][-]{subsubsection.4.1.2}{\376\377\200\375\221\317\000E}{subsection.4.1}% 12
\BOOKMARK [3][-]{subsubsection.4.1.3}{\376\377\177\121\150\074\134\072\133\370\166\204\137\161\124\315}{subsection.4.1}% 13
\BOOKMARK [2][-]{subsection.4.2}{\376\377\160\355\133\271\000,\000\040\170\301\123\026\163\207\124\214\161\265}{section.4}% 14
\BOOKMARK [3][-]{subsubsection.4.2.1}{\376\377\160\355\133\271}{subsection.4.2}% 15
\BOOKMARK [3][-]{subsubsection.4.2.2}{\376\377\170\301\123\026\163\207}{subsection.4.2}% 16
\BOOKMARK [3][-]{subsubsection.4.2.3}{\376\377\161\265}{subsection.4.2}% 17
\BOOKMARK [2][-]{subsection.4.3}{\376\377\226\366\131\026\127\072\170\301\165\164\121\335\200\132}{section.4}% 18
\BOOKMARK [3][-]{subsubsection.4.3.1}{\376\377\177\121\150\074\134\072\133\370\133\371\226\366\131\026\127\072\170\301\165\164\121\335\200\132\166\204\137\161\124\315}{subsection.4.3}% 19
\BOOKMARK [3][-]{subsubsection.4.3.2}{\376\377\156\051\136\246\133\371\226\366\131\026\127\072\170\301\165\164\121\335\200\132\166\204\137\161\124\315}{subsection.4.3}% 20
\BOOKMARK [3][-]{subsubsection.4.3.3}{\376\377\136\163\127\107\145\366\225\364\133\371\226\366\131\026\127\072\170\301\165\164\121\335\200\132\166\204\137\161\124\315}{subsection.4.3}% 21
\BOOKMARK [2][-]{subsection.4.4}{\376\377\170\301\156\336\146\362\176\277\166\204\152\041\142\337}{section.4}% 22
\BOOKMARK [1][-]{section.5}{\376\377\176\323\213\272}{}% 23
