e:\files\c++\cuda\isingmontecarlo\isingmontecarlo\x64\release\vc142.pdb
e:\files\c++\cuda\isingmontecarlo\isingmontecarlo\x64\release\isingmontecarlo.obj
e:\files\c++\cuda\isingmontecarlo\x64\release\isingmontecarlo.lib
e:\files\c++\cuda\isingmontecarlo\x64\release\isingmontecarlo.exp
e:\files\c++\cuda\isingmontecarlo\x64\release\isingmontecarlo.exe
e:\files\c++\cuda\isingmontecarlo\x64\release\isingmontecarlo.pdb
e:\files\c++\cuda\isingmontecarlo\isingmontecarlo\x64\release\isingmontecarlo.cu.cache
e:\files\c++\cuda\isingmontecarlo\isingmontecarlo\x64\release\isingmontecarlo.cu.obj
e:\files\c++\cuda\isingmontecarlo\isingmontecarlo\x64\release\isingmontecarlo.cpp1.ii.res
e:\files\c++\cuda\isingmontecarlo\isingmontecarlo\x64\release\isingmontecarlo.cpp4.ii.res
e:\files\c++\cuda\isingmontecarlo\isingmontecarlo\x64\release\isingmontecarlo.cu.obj.res
e:\files\c++\cuda\isingmontecarlo\isingmontecarlo\x64\release\isingmontecarlo.tlog\cl.command.1.tlog
e:\files\c++\cuda\isingmontecarlo\isingmontecarlo\x64\release\isingmontecarlo.tlog\cl.read.1.tlog
e:\files\c++\cuda\isingmontecarlo\isingmontecarlo\x64\release\isingmontecarlo.tlog\cl.write.1.tlog
e:\files\c++\cuda\isingmontecarlo\isingmontecarlo\x64\release\isingmontecarlo.tlog\cudacompile.read.1u.tlog
e:\files\c++\cuda\isingmontecarlo\isingmontecarlo\x64\release\isingmontecarlo.tlog\cudacompile.write.1u.tlog
e:\files\c++\cuda\isingmontecarlo\isingmontecarlo\x64\release\isingmontecarlo.tlog\isingmontecarlo.write.1u.tlog
e:\files\c++\cuda\isingmontecarlo\isingmontecarlo\x64\release\isingmontecarlo.tlog\link.18108.delete.1.tlog
e:\files\c++\cuda\isingmontecarlo\isingmontecarlo\x64\release\isingmontecarlo.tlog\link.19204.delete.1.tlog
e:\files\c++\cuda\isingmontecarlo\isingmontecarlo\x64\release\isingmontecarlo.tlog\link.20968.delete.1.tlog
e:\files\c++\cuda\isingmontecarlo\isingmontecarlo\x64\release\isingmontecarlo.tlog\link.21192.delete.1.tlog
e:\files\c++\cuda\isingmontecarlo\isingmontecarlo\x64\release\isingmontecarlo.tlog\link.23012.delete.1.tlog
e:\files\c++\cuda\isingmontecarlo\isingmontecarlo\x64\release\isingmontecarlo.tlog\link.24724.delete.1.tlog
e:\files\c++\cuda\isingmontecarlo\isingmontecarlo\x64\release\isingmontecarlo.tlog\link.26532.delete.1.tlog
e:\files\c++\cuda\isingmontecarlo\isingmontecarlo\x64\release\isingmontecarlo.tlog\link.26880.delete.1.tlog
e:\files\c++\cuda\isingmontecarlo\isingmontecarlo\x64\release\isingmontecarlo.tlog\link.29188.delete.1.tlog
e:\files\c++\cuda\isingmontecarlo\isingmontecarlo\x64\release\isingmontecarlo.tlog\link.32324.delete.1.tlog
e:\files\c++\cuda\isingmontecarlo\isingmontecarlo\x64\release\isingmontecarlo.tlog\link.32504.delete.1.tlog
e:\files\c++\cuda\isingmontecarlo\isingmontecarlo\x64\release\isingmontecarlo.tlog\link.32660.delete.1.tlog
e:\files\c++\cuda\isingmontecarlo\isingmontecarlo\x64\release\isingmontecarlo.tlog\link.33700.delete.1.tlog
e:\files\c++\cuda\isingmontecarlo\isingmontecarlo\x64\release\isingmontecarlo.tlog\link.command.1.tlog
e:\files\c++\cuda\isingmontecarlo\isingmontecarlo\x64\release\isingmontecarlo.tlog\link.read.1.tlog
e:\files\c++\cuda\isingmontecarlo\isingmontecarlo\x64\release\isingmontecarlo.tlog\link.write.1.tlog
